<?xml version="1.0" encoding="UTF-8"?>
<!-- Generated by org.testng.reporters.JUnitReportReporter -->
<testsuite hostname="DCCPL0508" failures="0" tests="2" name="testScenarios.elisaResult" time="7.142" errors="0" timestamp="2025-07-29T14:43:20 IST" skipped="0">
  <testcase classname="testScenarios.elisaResult" name="testLoginValidCredentials" time="1.744"/>
  <system-out/>
  <testcase classname="testScenarios.elisaResult" name="testElisaResults" time="5.398"/>
  <system-out/>
</testsuite> <!-- testScenarios.elisaResult -->
