<?xml version="1.0" encoding="UTF-8"?>
<!-- Generated by org.testng.reporters.JUnitReportReporter -->
<testsuite hostname="DCCPL0508" failures="0" tests="5" name="testScenarios.pcrPlateCreation" time="139.845" errors="0" timestamp="2025-07-04T12:59:59 IST" skipped="0">
  <testcase classname="testScenarios.pcrPlateCreation" name="testLoginValidCredentials" time="3.592"/>
  <system-out/>
  <testcase classname="testScenarios.pcrPlateCreation" name="testtestPCRplatecreation" time="82.648"/>
  <system-out/>
  <testcase classname="testScenarios.pcrPlateCreation" name="testPCRResults" time="5.962"/>
  <system-out/>
  <testcase classname="testScenarios.pcrPlateCreation" name="testelisaplatecreation" time="43.751"/>
  <system-out/>
  <testcase classname="testScenarios.pcrPlateCreation" name="testElisaResults" time="3.892"/>
  <system-out/>
</testsuite> <!-- testScenarios.pcrPlateCreation -->
